2025-07-28 14:37:13,132 - INFO - Imagem processada: cartao_visita_atual_construcoes.png (Produto: cartao_visita_atual_construcoes)
2025-07-30 11:51:22,428 - INFO - Imagem processada: fechatrinca_grande.webp (Produto: fechatrinca_grande)
2025-07-30 11:51:22,508 - INFO - Imagem processada: fechatrinca_pequena.webp (Produto: fechatrinca_pequena)
2025-07-30 11:51:22,617 - INFO - Imagem processada: carbolastico 2_grande.webp (Produto: carbolastico 2_grande)
2025-07-30 11:51:22,692 - INFO - Imagem processada: carbolastico 2_pequena.webp (Produto: carbolastico 2_pequena)
2025-07-30 11:51:22,759 - INFO - Imagem processada: vedamax média circulação_grande.webp (Produto: vedamax média circulação_grande)
2025-07-30 11:51:22,806 - INFO - Imagem processada: vedamax média circulação_pequena.webp (Produto: vedamax média circulação_pequena)
2025-07-30 11:51:22,880 - INFO - Imagem processada: vedaspray rejunte_grande.webp (Produto: vedaspray rejunte_grande)
2025-07-30 11:51:22,944 - INFO - Imagem processada: vedaspray rejunte_pequena.webp (Produto: vedaspray rejunte_pequena)
2025-07-30 11:57:09,179 - INFO - Imagem processada: fechatrinca_grande.webp (Produto: fechatrinca_grande)
2025-07-30 11:57:09,266 - INFO - Imagem processada: fechatrinca_pequena.webp (Produto: fechatrinca_pequena)
2025-07-30 11:57:09,350 - INFO - Imagem processada: expancit_grande.webp (Produto: expancit_grande)
2025-07-30 11:57:09,406 - INFO - Imagem processada: expancit_pequena.webp (Produto: expancit_pequena)
2025-07-30 11:57:09,511 - INFO - Imagem processada: carbolastico 3_grande.webp (Produto: carbolastico 3_grande)
2025-07-30 11:57:09,605 - INFO - Imagem processada: carbolastico 3_pequena.webp (Produto: carbolastico 3_pequena)
2025-07-30 11:57:09,757 - INFO - Imagem processada: carbolastico 1_grande.webp (Produto: carbolastico 1_grande)
2025-07-30 11:57:09,871 - INFO - Imagem processada: carbolastico 1_pequena.webp (Produto: carbolastico 1_pequena)
2025-07-30 11:57:21,330 - INFO - Imagem processada: fechatrinca_grande.webp (Produto: fechatrinca_grande)
2025-07-30 11:57:21,399 - INFO - Imagem processada: fechatrinca_pequena.webp (Produto: fechatrinca_pequena)
2025-07-30 11:57:21,486 - INFO - Imagem processada: expancit_grande.webp (Produto: expancit_grande)
2025-07-30 11:57:21,533 - INFO - Imagem processada: expancit_pequena.webp (Produto: expancit_pequena)
2025-07-30 11:57:21,637 - INFO - Imagem processada: carbolastico 3_grande.webp (Produto: carbolastico 3_grande)
2025-07-30 11:57:21,717 - INFO - Imagem processada: carbolastico 3_pequena.webp (Produto: carbolastico 3_pequena)
2025-07-30 11:57:21,840 - INFO - Imagem processada: carbolastico 1_grande.webp (Produto: carbolastico 1_grande)
2025-07-30 11:57:21,935 - INFO - Imagem processada: carbolastico 1_pequena.webp (Produto: carbolastico 1_pequena)
2025-07-30 11:57:24,303 - INFO - Imagem processada: fechatrinca_grande.webp (Produto: fechatrinca_grande)
2025-07-30 11:57:24,379 - INFO - Imagem processada: fechatrinca_pequena.webp (Produto: fechatrinca_pequena)
2025-07-30 11:57:24,458 - INFO - Imagem processada: expancit_grande.webp (Produto: expancit_grande)
2025-07-30 11:57:24,505 - INFO - Imagem processada: expancit_pequena.webp (Produto: expancit_pequena)
2025-07-30 11:57:24,611 - INFO - Imagem processada: carbolastico 3_grande.webp (Produto: carbolastico 3_grande)
2025-07-30 11:57:24,691 - INFO - Imagem processada: carbolastico 3_pequena.webp (Produto: carbolastico 3_pequena)
2025-07-30 11:57:24,818 - INFO - Imagem processada: carbolastico 1_grande.webp (Produto: carbolastico 1_grande)
2025-07-30 11:57:24,894 - INFO - Imagem processada: carbolastico 1_pequena.webp (Produto: carbolastico 1_pequena)
2025-07-30 11:57:30,333 - INFO - Imagem processada: fechatrinca_grande.webp (Produto: fechatrinca_grande)
2025-07-30 11:57:30,407 - INFO - Imagem processada: fechatrinca_pequena.webp (Produto: fechatrinca_pequena)
2025-07-30 11:57:30,487 - INFO - Imagem processada: expancit_grande.webp (Produto: expancit_grande)
2025-07-30 11:57:30,541 - INFO - Imagem processada: expancit_pequena.webp (Produto: expancit_pequena)
2025-07-30 11:57:30,641 - INFO - Imagem processada: carbolastico 3_grande.webp (Produto: carbolastico 3_grande)
2025-07-30 11:57:30,720 - INFO - Imagem processada: carbolastico 3_pequena.webp (Produto: carbolastico 3_pequena)
2025-07-30 11:57:30,847 - INFO - Imagem processada: carbolastico 1_grande.webp (Produto: carbolastico 1_grande)
2025-07-30 11:57:30,926 - INFO - Imagem processada: carbolastico 1_pequena.webp (Produto: carbolastico 1_pequena)
2025-07-30 13:39:53,566 - ERROR - Erro ao processar 'carbolastico 1_pequena.webp': 'JPG'
2025-07-30 13:40:04,710 - ERROR - Erro ao processar 'carbolastico 1_pequena.webp': 'JPG'
2025-07-30 13:40:04,736 - ERROR - Erro ao processar 'carbolastico 1_grande.webp': 'JPG'
